{"total": {"lines":{"total":69,"covered":36,"skipped":0,"pct":52.17},"statements":{"total":70,"covered":36,"skipped":0,"pct":51.42},"functions":{"total":23,"covered":11,"skipped":0,"pct":47.82},"branches":{"total":6,"covered":4,"skipped":0,"pct":66.66},"branchesTrue":{"total":0,"covered":0,"skipped":0,"pct":100}}
,"/home/livia/trybe_projetos/sd-028-a-project-trivia-react-redux/src/App.js": {"lines":{"total":1,"covered":1,"skipped":0,"pct":100},"functions":{"total":1,"covered":1,"skipped":0,"pct":100},"statements":{"total":1,"covered":1,"skipped":0,"pct":100},"branches":{"total":0,"covered":0,"skipped":0,"pct":100}}
,"/home/livia/trybe_projetos/sd-028-a-project-trivia-react-redux/src/api.js": {"lines":{"total":9,"covered":3,"skipped":0,"pct":33.33},"functions":{"total":2,"covered":1,"skipped":0,"pct":50},"statements":{"total":9,"covered":3,"skipped":0,"pct":33.33},"branches":{"total":0,"covered":0,"skipped":0,"pct":100}}
,"/home/livia/trybe_projetos/sd-028-a-project-trivia-react-redux/src/routes.js": {"lines":{"total":1,"covered":1,"skipped":0,"pct":100},"functions":{"total":1,"covered":1,"skipped":0,"pct":100},"statements":{"total":1,"covered":1,"skipped":0,"pct":100},"branches":{"total":0,"covered":0,"skipped":0,"pct":100}}
,"/home/livia/trybe_projetos/sd-028-a-project-trivia-react-redux/src/Components/Header.js": {"lines":{"total":10,"covered":2,"skipped":0,"pct":20},"functions":{"total":3,"covered":0,"skipped":0,"pct":0},"statements":{"total":10,"covered":2,"skipped":0,"pct":20},"branches":{"total":0,"covered":0,"skipped":0,"pct":100}}
,"/home/livia/trybe_projetos/sd-028-a-project-trivia-react-redux/src/Components/HeaderFeedback.js": {"lines":{"total":1,"covered":0,"skipped":0,"pct":0},"functions":{"total":1,"covered":0,"skipped":0,"pct":0},"statements":{"total":1,"covered":0,"skipped":0,"pct":0},"branches":{"total":0,"covered":0,"skipped":0,"pct":100}}
,"/home/livia/trybe_projetos/sd-028-a-project-trivia-react-redux/src/Components/QuestionCard.js": {"lines":{"total":5,"covered":2,"skipped":0,"pct":40},"functions":{"total":3,"covered":0,"skipped":0,"pct":0},"statements":{"total":6,"covered":2,"skipped":0,"pct":33.33},"branches":{"total":0,"covered":0,"skipped":0,"pct":100}}
,"/home/livia/trybe_projetos/sd-028-a-project-trivia-react-redux/src/Pages/Feedback.js": {"lines":{"total":1,"covered":0,"skipped":0,"pct":0},"functions":{"total":1,"covered":0,"skipped":0,"pct":0},"statements":{"total":1,"covered":0,"skipped":0,"pct":0},"branches":{"total":0,"covered":0,"skipped":0,"pct":100}}
,"/home/livia/trybe_projetos/sd-028-a-project-trivia-react-redux/src/Pages/Game.js": {"lines":{"total":12,"covered":1,"skipped":0,"pct":8.33},"functions":{"total":3,"covered":0,"skipped":0,"pct":0},"statements":{"total":12,"covered":1,"skipped":0,"pct":8.33},"branches":{"total":2,"covered":0,"skipped":0,"pct":0}}
,"/home/livia/trybe_projetos/sd-028-a-project-trivia-react-redux/src/Pages/Login.js": {"lines":{"total":28,"covered":25,"skipped":0,"pct":89.28},"functions":{"total":7,"covered":7,"skipped":0,"pct":100},"statements":{"total":28,"covered":25,"skipped":0,"pct":89.28},"branches":{"total":4,"covered":4,"skipped":0,"pct":100}}
,"/home/livia/trybe_projetos/sd-028-a-project-trivia-react-redux/src/Pages/Ranking.js": {"lines":{"total":0,"covered":0,"skipped":0,"pct":100},"functions":{"total":0,"covered":0,"skipped":0,"pct":100},"statements":{"total":0,"covered":0,"skipped":0,"pct":100},"branches":{"total":0,"covered":0,"skipped":0,"pct":100}}
,"/home/livia/trybe_projetos/sd-028-a-project-trivia-react-redux/src/Pages/Settings.js": {"lines":{"total":1,"covered":1,"skipped":0,"pct":100},"functions":{"total":1,"covered":1,"skipped":0,"pct":100},"statements":{"total":1,"covered":1,"skipped":0,"pct":100},"branches":{"total":0,"covered":0,"skipped":0,"pct":100}}
}
